 <485577550737171392> 08/06/2022 11:51:34.135     [Error  ] - Unknown database, data source: Btrieve, Program: "  s.?????????.pvsw".
 <485577550737171392> 08/06/2022 11:51:34.182     [Error  ] - Unknown database, data source: \SHOPINF.BTR, Program: "  s.?????????.pvsw".
 <105801654398413744> 08/06/2022 11:53:39.097     [Error  ] - Unknown database, data source: Btrieve, Program: "  s.?????????.pvsw".
 <105801654398413744> 08/06/2022 11:53:39.159     [Error  ] - Unknown database, data source: \SHOPINF.BTR, Program: "  s.?????????.pvsw".
 <205309951040219776> 08/06/2022 11:57:06.939     [Error  ] - Unknown database, data source: Btrieve, Program: "  s.?????????.pvsw".
 <205309951040219776> 08/06/2022 11:57:06.988     [Error  ] - Unknown database, data source: \SHOPINF.BTR, Program: "  s.?????????.pvsw".
 <433153350786797504> 08/06/2022 12:19:29.079     [Error  ] - Unknown database, data source: Btrieve, Program: "  s.?????????.pvsw".
 <433153350786797504> 08/06/2022 12:19:29.138     [Error  ] - Unknown database, data source: \SHOPINF.BTR, Program: "  s.?????????.pvsw".
 <124415543308493184> 08/06/2022 12:19:52.023     [Error  ] - Unknown database, data source: Btrieve, Program: "  s.?????????.pvsw".
 <124415543308493184> 08/06/2022 12:19:52.083     [Error  ] - Unknown database, data source: \SHOPINF.BTR, Program: "  s.?????????.pvsw".
 <124415543308493184> 08/06/2022 12:19:54.639     [Error  ] - Unknown database, data source: Btrieve, Program: "? ? ? ?".
 <124415543308493184> 08/06/2022 12:19:54.674     [Error  ] - Unknown database, data source: \KANRI.BTR, Program: "? ? ? ?".
 <535839720820335296> 08/06/2022 12:40:00.858     [Error  ] - Unknown database, data source: Btrieve, Program: "  s.?????????.pvsw".
 <535839720820335296> 08/06/2022 12:40:00.894     [Error  ] - Unknown database, data source: \SHOPINF.BTR, Program: "  s.?????????.pvsw".
 <36938736797687816> 08/06/2022 15:10:04.680     [Error  ] - Unknown database, data source: Btrieve, Program: "  s.?????????.pvsw".
 <36938736797687816> 08/06/2022 15:10:04.685     [Error  ] - Unknown database, data source: \SHOPINF.BTR, Program: "  s.?????????.pvsw".
 <398466032591379200> 08/06/2022 15:11:34.907     [Error  ] - Unknown database, data source: Btrieve, Program: "  s.?????????.pvsw".
 <398466032591379200> 08/06/2022 15:11:34.913     [Error  ] - Unknown database, data source: \SHOPINF.BTR, Program: "  s.?????????.pvsw".

==============================================
PID 24176	08/06/2022 15:13:18
==============================================


 <-1> 08/06/2022 16:51:58.193     [Error  ] - Cabinet File Name cannot be empty.
 <227047293988571296> 08/06/2022 17:05:42.560     [Error  ] - Unknown database, data source: Btrieve, Program: "  s.?????????.pvsw".
 <227047293988571296> 08/06/2022 17:05:42.564     [Error  ] - Unknown database, data source: \SHOPINF.BTR, Program: "  s.?????????.pvsw".
 <141211693772134624> 08/06/2022 17:18:01.594     [Error  ] - Unknown database, data source: Btrieve, Program: "  s.?????????.pvsw".
 <141211693772134624> 08/06/2022 17:18:01.596     [Error  ] - Unknown database, data source: \SHOPINF.BTR, Program: "  s.?????????.pvsw".
 <416030844847414912> 09/06/2022 11:03:07.455     [Error  ] - Unknown database, data source: Btrieve, Program: "  s.?????????.pvsw".
 <416030844847414912> 09/06/2022 11:03:07.475     [Error  ] - Unknown database, data source: \SHOPINF.BTR, Program: "  s.?????????.pvsw".
 <416030844847414912> 09/06/2022 11:03:10.450     [Error  ] - Unknown database, data source: Btrieve, Program: "? ? ? ?(Screen Rfresh)".
 <416030844847414912> 09/06/2022 11:03:10.455     [Error  ] - Unknown database, data source: \KANRI.BTR, Program: "? ? ? ?(Screen Rfresh)".
 <3553091109657909> 09/06/2022 11:11:30.541     [Error  ] - Unknown database, data source: Btrieve, Program: "  s.?????????.pvsw".
 <3553091109657909> 09/06/2022 11:11:30.543     [Error  ] - Unknown database, data source: \SHOPINF.BTR, Program: "  s.?????????.pvsw".
 <3553091109657909> 09/06/2022 11:11:30.797     [Error  ] - Create error: KANRI, Program: "Browse - ??????".
 <-1> 09/06/2022 11:26:35.814     [Error  ] - Error: "Cannot connect to the middleware" (-150)
 <-1> 09/06/2022 11:26:35.815     [Error  ] - Could not find the broker. Runtime engine cannot run as a server.

==============================================
PID 1604	09/06/2022 11:27:07
==============================================


 <254405019530478784> 09/06/2022 13:00:37.876     [Error  ] - Unknown database, data source: Btrieve, Program: "  s.?????????.pvsw".
 <254405019530478784> 09/06/2022 13:00:37.893     [Error  ] - Unknown database, data source: \SHOPINF.BTR, Program: "  s.?????????.pvsw".
 <254405019530478784> 09/06/2022 13:00:41.428     [Error  ] - Unknown database, data source: Btrieve, Program: "? ? ? ?(Screen Rfresh)".
 <254405019530478784> 09/06/2022 13:00:41.429     [Error  ] - Unknown database, data source: \KYAKMS.BTR, Program: "? ? ? ?(Screen Rfresh)".
 <148613540331706848> 09/06/2022 13:12:54.738     [Error  ] - Unknown database, data source: Btrieve, Program: "  s.?????????.pvsw".
 <148613540331706848> 09/06/2022 13:12:54.749     [Error  ] - Unknown database, data source: \SHOPINF.BTR, Program: "  s.?????????.pvsw".
 <148613540331706848> 09/06/2022 13:12:55.101     [Error  ] - Create error: TestKYAKMSJAP, Program: "Browse - ?????".
 <377219566224675968> 09/06/2022 14:55:59.231     [Error  ] - Unknown database, data source: Btrieve, Program: "  s.?????????.pvsw".
 <377219566224675968> 09/06/2022 14:55:59.378     [Error  ] - Unknown database, data source: \SHOPINF.BTR, Program: "  s.?????????.pvsw".
 <377219566224675968> 09/06/2022 14:56:02.355     [Error  ] - Create error: TestKYAKMSJAP, Program: "? ? ? ?(Screen Rfresh)".
 <425865867227861376> 09/06/2022 14:56:39.996     [Error  ] - Unknown database, data source: Btrieve, Program: "  s.?????????.pvsw".
 <425865867227861376> 09/06/2022 14:56:39.999     [Error  ] - Unknown database, data source: \SHOPINF.BTR, Program: "  s.?????????.pvsw".
 <425865867227861376> 09/06/2022 14:56:40.086     [Error  ] - Create error: TestKYAKMSJAP, Program: "Browse - ?????".
 <423315293793389952> 09/06/2022 14:58:45.443     [Error  ] - Unknown database, data source: Btrieve, Program: "  s.?????????.pvsw".
 <423315293793389952> 09/06/2022 14:58:45.450     [Error  ] - Unknown database, data source: \SHOPINF.BTR, Program: "  s.?????????.pvsw".
 <423315293793389952> 09/06/2022 14:58:45.587     [Error  ] - Create error: TestKYAKMSJAP, Program: "Browse - ?????".

==============================================
PID 8312	09/06/2022 15:04:20
==============================================


 <494522112245826560> 09/06/2022 15:06:32.070     [Error  ] - Unknown database, data source: Btrieve, Program: "  s.?????????.pvsw".
 <494522112245826560> 09/06/2022 15:06:32.074     [Error  ] - Unknown database, data source: \SHOPINF.BTR, Program: "  s.?????????.pvsw".
 <494522112245826560> 09/06/2022 15:06:32.181     [Error  ] - Create error: TestKYAKMSJAP, Program: "Browse - ?????".
 <273786981442310560> 09/06/2022 15:09:44.107     [Error  ] - Unknown database, data source: Btrieve, Program: "  s.?????????.pvsw".
 <273786981442310560> 09/06/2022 15:09:44.111     [Error  ] - Unknown database, data source: \SHOPINF.BTR, Program: "  s.?????????.pvsw".
 <273786981442310560> 09/06/2022 15:09:44.201     [Error  ] - Create error: TestKYAKMSJAP, Program: "Browse - ?????".
 <24941581300855228> 09/06/2022 15:18:50.756     [Error  ] - Unknown database, data source: Btrieve, Program: "  s.?????????.pvsw".
 <24941581300855228> 09/06/2022 15:18:50.760     [Error  ] - Unknown database, data source: \SHOPINF.BTR, Program: "  s.?????????.pvsw".
 <24941581300855228> 09/06/2022 15:18:50.896     [Error  ] - Create error: TestKYAKMSJAP, Program: "Browse - ?????".
 <146312518133625376> 09/06/2022 15:25:17.794     [Error  ] - Unknown database, data source: Btrieve, Program: "  s.?????????.pvsw".
 <146312518133625376> 09/06/2022 15:25:17.798     [Error  ] - Unknown database, data source: \SHOPINF.BTR, Program: "  s.?????????.pvsw".
 <146312518133625376> 09/06/2022 15:25:17.996     [Error  ] - Create error: TestKYAKMSJAP, Program: "Browse - ?????".
 <24143024591797032> 09/06/2022 15:27:47.204     [Error  ] - Unknown database, data source: Btrieve, Program: "  s.?????????.pvsw".
 <24143024591797032> 09/06/2022 15:27:47.206     [Error  ] - Unknown database, data source: \SHOPINF.BTR, Program: "  s.?????????.pvsw".
 <67920395795470952> 09/06/2022 15:30:19.293     [Error  ] - Unknown database, data source: Btrieve, Program: "  s.?????????.pvsw".
 <67920395795470952> 09/06/2022 15:30:19.295     [Error  ] - Unknown database, data source: \SHOPINF.BTR, Program: "  s.?????????.pvsw".
 <139889498102786640> 09/06/2022 15:32:20.214     [Error  ] - Unknown database, data source: Btrieve, Program: "  s.?????????.pvsw".
 <139889498102786640> 09/06/2022 15:32:20.217     [Error  ] - Unknown database, data source: \SHOPINF.BTR, Program: "  s.?????????.pvsw".
 <139889498102786640> 09/06/2022 15:32:21.762     [Error  ] - Unknown database, data source: Btrieve, Program: "? ? ? ?(Screen Rfresh)".
 <139889498102786640> 09/06/2022 15:32:21.765     [Error  ] - Unknown database, data source: \SYOHMS.BTR, Program: "? ? ? ?(Screen Rfresh)".
 <194434460971070592> 09/06/2022 15:34:37.627     [Error  ] - Unknown database, data source: Btrieve, Program: "  s.?????????.pvsw".
 <194434460971070592> 09/06/2022 15:34:37.631     [Error  ] - Unknown database, data source: \SHOPINF.BTR, Program: "  s.?????????.pvsw".
 <194434460971070592> 09/06/2022 15:34:39.236     [Error  ] - Unknown database, data source: Btrieve, Program: "? ? ? ?(Screen Rfresh)".
 <194434460971070592> 09/06/2022 15:34:39.237     [Error  ] - Unknown database, data source: \SYOHMS.BTR, Program: "? ? ? ?(Screen Rfresh)".
 <438780836364770688> 09/06/2022 15:51:17.565     [Error  ] - Unknown database, data source: Btrieve, Program: "  s.?????????.pvsw".
 <438780836364770688> 09/06/2022 15:51:17.569     [Error  ] - Unknown database, data source: \SHOPINF.BTR, Program: "  s.?????????.pvsw".
 <438780836364770688> 09/06/2022 15:51:17.695     [Error  ] - Create error: TestSYOHMSBTR, Program: "Browse - TestSYOHMSBTR".
 <360040942082685888> 09/06/2022 15:52:20.425     [Error  ] - Unknown database, data source: Btrieve, Program: "  s.?????????.pvsw".
 <360040942082685888> 09/06/2022 15:52:20.428     [Error  ] - Unknown database, data source: \SHOPINF.BTR, Program: "  s.?????????.pvsw".
 <533445747586538560> 09/06/2022 15:54:07.879     [Error  ] - Unknown database, data source: Btrieve, Program: "  s.?????????.pvsw".
 <533445747586538560> 09/06/2022 15:54:07.913     [Error  ] - Unknown database, data source: \SHOPINF.BTR, Program: "  s.?????????.pvsw".
 <533445747586538560> 09/06/2022 15:54:09.593     [Error  ] - Unknown database, data source: Btrieve, Program: "? ? ? ?(Screen Rfresh)".
 <533445747586538560> 09/06/2022 15:54:09.594     [Error  ] - Unknown database, data source: \JANMS.BTR, Program: "? ? ? ?(Screen Rfresh)".
 <572860019206931776> 09/06/2022 15:54:16.628     [Error  ] - Unknown database, data source: Btrieve, Program: "  s.?????????.pvsw".
 <572860019206931776> 09/06/2022 15:54:16.633     [Error  ] - Unknown database, data source: \SHOPINF.BTR, Program: "  s.?????????.pvsw".
 <572860019206931776> 09/06/2022 15:54:18.181     [Error  ] - Unknown database, data source: Btrieve, Program: "? ? ? ?(Screen Rfresh)".
 <572860019206931776> 09/06/2022 15:54:18.183     [Error  ] - Unknown database, data source: \JANMS.BTR, Program: "? ? ? ?(Screen Rfresh)".
 <198521137081052672> 09/06/2022 16:10:14.080     [Error  ] - Unknown database, data source: Btrieve, Program: "  s.?????????.pvsw".
 <198521137081052672> 09/06/2022 16:10:14.101     [Error  ] - Unknown database, data source: \SHOPINF.BTR, Program: "  s.?????????.pvsw".
 <135264218497217552> 09/06/2022 16:35:39.028     [Error  ] - Unknown database, data source: Btrieve, Program: "  s.?????????.pvsw".
 <135264218497217552> 09/06/2022 16:35:39.035     [Error  ] - Unknown database, data source: \SHOPINF.BTR, Program: "  s.?????????.pvsw".
 <298466841807898048> 09/06/2022 16:45:55.901     [Error  ] - Unknown database, data source: Btrieve, Program: "  s.?????????.pvsw".
 <298466841807898048> 09/06/2022 16:45:55.906     [Error  ] - Unknown database, data source: \SHOPINF.BTR, Program: "  s.?????????.pvsw".
 <481456253566923584> 09/06/2022 16:51:52.406     [Error  ] - Unknown database, data source: Btrieve, Program: "  s.?????????.pvsw".
 <481456253566923584> 09/06/2022 16:51:52.423     [Error  ] - Unknown database, data source: \SHOPINF.BTR, Program: "  s.?????????.pvsw".
 <528904464582108096> 09/06/2022 16:52:37.494     [Error  ] - Unknown database, data source: Btrieve, Program: "  s.?????????.pvsw".
 <528904464582108096> 09/06/2022 16:52:37.496     [Error  ] - Unknown database, data source: \SHOPINF.BTR, Program: "  s.?????????.pvsw".
 <528904464582108096> 09/06/2022 16:52:38.935     [Error  ] - Unknown database, data source: Btrieve, Program: "? ? ? ?(Screen Rfresh)".
 <528904464582108096> 09/06/2022 16:52:38.936     [Error  ] - Unknown database, data source: \JANMS.BTR, Program: "? ? ? ?(Screen Rfresh)".
 <290378588549852736> 09/06/2022 17:22:37.138     [Error  ] - Unknown database, data source: Btrieve, Program: "  s.?????????.pvsw".
 <290378588549852736> 09/06/2022 17:22:37.141     [Error  ] - Unknown database, data source: \SHOPINF.BTR, Program: "  s.?????????.pvsw".
 <290378588549852736> 09/06/2022 17:22:38.594     [Error  ] - Create error: JANMSBTR, Program: "? ? ? ?(Screen Rfresh)".
 <487576881820239488> 09/06/2022 17:27:42.753     [Error  ] - Unknown database, data source: Btrieve, Program: "  s.?????????.pvsw".
 <487576881820239488> 09/06/2022 17:27:42.754     [Error  ] - Unknown database, data source: \SHOPINF.BTR, Program: "  s.?????????.pvsw".
 <216232637216059712> 09/06/2022 17:43:40.008     [Error  ] - Unknown database, data source: Btrieve, Program: "  s.?????????.pvsw".
 <216232637216059712> 09/06/2022 17:43:40.012     [Error  ] - Unknown database, data source: \SHOPINF.BTR, Program: "  s.?????????.pvsw".
 <229257657161029408> 09/06/2022 17:55:50.117     [Error  ] - Unknown database, data source: Btrieve, Program: "  s.?????????.pvsw".
 <229257657161029408> 09/06/2022 17:55:50.119     [Error  ] - Unknown database, data source: \SHOPINF.BTR, Program: "  s.?????????.pvsw".
 <229257657161029408> 09/06/2022 17:55:51.398     [Error  ] - Unknown database, data source: Btrieve, Program: "? ? ? ?(Screen Rfresh)".
 <229257657161029408> 09/06/2022 17:55:51.400     [Error  ] - Unknown database, data source: \STAFMS.BTR, Program: "? ? ? ?(Screen Rfresh)".
 <370228155111859456> 09/06/2022 18:03:41.529     [Error  ] - Unknown database, data source: Btrieve, Program: "  s.?????????.pvsw".
 <370228155111859456> 09/06/2022 18:03:41.531     [Error  ] - Unknown database, data source: \SHOPINF.BTR, Program: "  s.?????????.pvsw".
 <556504116764195648> 09/06/2022 18:05:35.254     [Error  ] - Unknown database, data source: Btrieve, Program: "  s.?????????.pvsw".
 <556504116764195648> 09/06/2022 18:05:35.257     [Error  ] - Unknown database, data source: \SHOPINF.BTR, Program: "  s.?????????.pvsw".
 <556504116764195648> 09/06/2022 18:05:36.593     [Error  ] - Unknown database, data source: Btrieve, Program: "? ? ? ?(Screen Rfresh)".
 <556504116764195648> 09/06/2022 18:05:36.595     [Error  ] - Unknown database, data source: \STAFMS.BTR, Program: "? ? ? ?(Screen Rfresh)".

==============================================
PID 44232	09/06/2022 18:50:22
==============================================


