 <-1> 15/06/2022 16:51:48.887     [Error  ] - Failed to Load Assembly : "C:\Users\chouguleR\Downloads\WindowsFormsControlLibrary1\WindowsFormsControlLibrary1\WindowsFormsControlLibrary1\bin\Debug\Interop.WMPLib.dll"
"Could not load file or assembly 'Interop.WMPLib.dll' or one of its dependencies. The system cannot find the path specified."
 <-1> 15/06/2022 16:51:48.950     [Error  ] - Failed to Load Assembly : "C:\Users\chouguleR\Downloads\WindowsFormsControlLibrary1\WindowsFormsControlLibrary1\WindowsFormsControlLibrary1\obj\Debug\AxInterop.WMPLib.dll"
"Could not load file or assembly 'AxInterop.WMPLib.dll' or one of its dependencies. The system cannot find the path specified."
 <-1> 15/06/2022 16:51:49.011     [Error  ] - Failed to Load Assembly : "C:\Users\chouguleR\Downloads\WindowsFormsControlLibrary1\WindowsFormsControlLibrary1\WindowsFormsControlLibrary1\bin\Debug\WindowsFormsControlLibrary1.dll"
"Could not load file or assembly 'WindowsFormsControlLibrary1.dll' or one of its dependencies. The system cannot find the path specified."
 <146135028207418400> 15/06/2022 16:51:57.463     [Error  ] - [MgGui.dll] System.NullReferenceException : 
   at com.magicsoftware.unipaas.management.gui.MgControlBase.get_DNType()
Object reference not set to an instance of an object., Program: "aaaaNew".
 <146135028207418400> 15/06/2022 16:51:57.469     [Error  ] - [MgGui.dll] 
   at System.Environment.GetStackTrace(Exception e, Boolean needFileInfo)
   at System.Environment.get_StackTrace()
   at com.magicsoftware.rte.CoreExecutor.WriteExceptionToLog(Int64 contextID, String msg)
   at com.magicsoftware.rte.GuiEventsProcessor.WriteExceptionToLog(String message)
   at com.magicsoftware.unipaas.Events.WriteExceptionToLog(String msg)
   at com.magicsoftware.unipaas.Events.WriteExceptionToLog(Exception ex)
   at com.magicsoftware.unipaas.management.gui.MgControlBase.get_DNType()
   at com.magicsoftware.unipaas.management.gui.MgControlBase.createControl(Boolean forceWindowControl)
   at com.magicsoftware.unipaas.management.gui.MgFormBase.createForm()
   at com.magicsoftware.unipaas.management.gui.MgFormBase.init()
   at com.magicsoftware.unipaas.management.tasks.TaskBase.InitForm()
   at com.magicsoftware.rte.tasks.Task.InitForm()
   at com.magicsoftware.rte.tasks.TasksManager.OpenForm(Int32 taskID, Int32 subformParentTaskTag, Int32 subformDitIdx)
   at com.magicsoftware.rte.RteExecutor.OpenForm(Int32 taskID, Int32 subformParentTaskTag, Int32 subformDitIdx)
   at RteExecutorEndpoint.OpenForm(Int32 taskID, Int32 subformParentTaskTag, Int32 subformDitIdx)
   at RteExecutorBridge.OpenForm(RteExecutorBridge* , Int32 taskID, Int32 subformParentTaskTag, Int32 subformDitIdx)
   at CoreExecutorEndpoint.EventsLoop()
   at CoreExecutorGateway.EventsLoop()
   at com.magicsoftware.rte.RTEmanager.ExecuteWorkThread()
   at System.Threading.ThreadHelper.ThreadStart_Context(Object state)
   at System.Threading.ExecutionContext.RunInternal(ExecutionContext executionContext, ContextCallback callback, Object state, Boolean preserveSyncCtx)
   at System.Threading.ExecutionContext.Run(ExecutionContext executionContext, ContextCallback callback, Object state, Boolean preserveSyncCtx)
   at System.Threading.ExecutionContext.Run(ExecutionContext executionContext, ContextCallback callback, Object state)
   at System.Threading.ThreadHelper.ThreadStart(), Program: "aaaaNew".
 <146135028207418400> 15/06/2022 16:51:57.570     [Error  ] - [MgGui.dll] System.NullReferenceException : 
   at com.magicsoftware.unipaas.gui.low.GuiUtilsBase.setVisible(Control control, Boolean visible)
   at com.magicsoftware.unipaas.gui.low.GuiUtilsBase.SetParent(Control child, Control parent, Boolean isTableHeaderChild)
   at com.magicsoftware.unipaas.gui.low.GuiUtils.createControl(CommandType commandType, Int32 style, Control parent, GuiMgControl guiMgControl, List`1 stringList, List`1 ctrlList, Int32 columnCount, Boolean isFrameSet, Boolean forceWindowControl, Type type, Int32 num2, Object tableBehaviour, Boolean addHandlers, DockingStyle dockingStyle)
   at com.magicsoftware.unipaas.gui.low.GuiCommandQueueBase.createControl(GuiCommand guiCommand)
   at com.magicsoftware.unipaas.gui.low.GuiCommandQueueBase.Run()
Object reference not set to an instance of an object., Program: "aaaaNew".
 <146135028207418400> 15/06/2022 16:51:57.582     [Error  ] - [MgGui.dll] 
   at System.Environment.GetStackTrace(Exception e, Boolean needFileInfo)
   at System.Environment.get_StackTrace()
   at com.magicsoftware.rte.CoreExecutor.WriteExceptionToLog(Int64 contextID, String msg)
   at com.magicsoftware.rte.GuiEventsProcessor.WriteExceptionToLog(String message)
   at com.magicsoftware.unipaas.Events.WriteExceptionToLog(String msg)
   at com.magicsoftware.unipaas.Events.WriteExceptionToLog(Exception ex)
   at com.magicsoftware.unipaas.gui.low.GuiCommandQueueBase.Run()
   at System.RuntimeMethodHandle.InvokeMethod(Object target, Object[] arguments, Signature sig, Boolean constructor)
   at System.Reflection.RuntimeMethodInfo.UnsafeInvokeInternal(Object obj, Object[] parameters, Object[] arguments)
   at System.Delegate.DynamicInvokeImpl(Object[] args)
   at System.Windows.Forms.Control.InvokeMarshaledCallbackDo(ThreadMethodEntry tme)
   at System.Windows.Forms.Control.InvokeMarshaledCallbackHelper(Object obj)
   at System.Threading.ExecutionContext.RunInternal(ExecutionContext executionContext, ContextCallback callback, Object state, Boolean preserveSyncCtx)
   at System.Threading.ExecutionContext.Run(ExecutionContext executionContext, ContextCallback callback, Object state, Boolean preserveSyncCtx)
   at System.Threading.ExecutionContext.Run(ExecutionContext executionContext, ContextCallback callback, Object state)
   at System.Windows.Forms.Control.InvokeMarshaledCallback(ThreadMethodEntry tme)
   at System.Windows.Forms.Control.InvokeMarshaledCallbacks()
   at System.Windows.Forms.Control.WndProc(Message& m)
   at System.Windows.Forms.ScrollableControl.WndProc(Message& m)
   at System.Windows.Forms.Form.WndProc(Message& m)
   at System.Windows.Forms.Control.ControlNativeWindow.OnMessage(Message& m)
   at System.Windows.Forms.Control.ControlNativeWindow.WndProc(Message& m)
   at System.Windows.Forms.NativeWindow.Callback(IntPtr hWnd, Int32 msg, IntPtr wparam, IntPtr lparam)
   at System.Windows.Forms.UnsafeNativeMethods.DispatchMessageW(MSG& msg)
   at System.Windows.Forms.Application.ComponentManager.System.Windows.Forms.UnsafeNativeMethods.IMsoComponentManager.FPushMessageLoop(IntPtr dwComponentID, Int32 reason, Int32 pvLoopData)
   at System.Windows.Forms.Application.ThreadContext.RunMessageLoopInner(Int32 reason, ApplicationContext context)
   at System.Windows.Forms.Application.ThreadContext.RunMessageLoop(Int32 reason, ApplicationContext context)
   at com.magicsoftware.unipaas.gui.low.GUIMain.messageLoop()
   at com.magicsoftware.unipaas.Manager.MessageLoop()
   at com.magicsoftware.rte.RTEmanager.ExecuteMainThread(String args)
   at com.magicsoftware.rte.RTEmanager.Main(), Program: "aaaaNew".
 <146135028207418400> 15/06/2022 16:51:57.595     [Error  ] - [MgGui.dll] System.NullReferenceException : 
   at com.magicsoftware.unipaas.gui.low.GuiUtilsBase.getSavedBounds(Control control)
   at com.magicsoftware.unipaas.gui.low.GuiUtilsBase.setBounds(Object obj, Int32 x, Int32 y, Int32 width, Int32 height, Boolean isIgnorePlacement)
   at com.magicsoftware.unipaas.gui.low.GuiCommandQueueBase.setBounds(GuiCommand guiCommand)
   at com.magicsoftware.unipaas.gui.low.GuiCommandQueueBase.Run()
Object reference not set to an instance of an object., Program: "aaaaNew".
 <146135028207418400> 15/06/2022 16:51:57.598     [Error  ] - [MgGui.dll] 
   at System.Environment.GetStackTrace(Exception e, Boolean needFileInfo)
   at System.Environment.get_StackTrace()
   at com.magicsoftware.rte.CoreExecutor.WriteExceptionToLog(Int64 contextID, String msg)
   at com.magicsoftware.rte.GuiEventsProcessor.WriteExceptionToLog(String message)
   at com.magicsoftware.unipaas.Events.WriteExceptionToLog(String msg)
   at com.magicsoftware.unipaas.Events.WriteExceptionToLog(Exception ex)
   at com.magicsoftware.unipaas.gui.low.GuiCommandQueueBase.Run()
   at System.RuntimeMethodHandle.InvokeMethod(Object target, Object[] arguments, Signature sig, Boolean constructor)
   at System.Reflection.RuntimeMethodInfo.UnsafeInvokeInternal(Object obj, Object[] parameters, Object[] arguments)
   at System.Delegate.DynamicInvokeImpl(Object[] args)
   at System.Windows.Forms.Control.InvokeMarshaledCallbackDo(ThreadMethodEntry tme)
   at System.Windows.Forms.Control.InvokeMarshaledCallbackHelper(Object obj)
   at System.Threading.ExecutionContext.RunInternal(ExecutionContext executionContext, ContextCallback callback, Object state, Boolean preserveSyncCtx)
   at System.Threading.ExecutionContext.Run(ExecutionContext executionContext, ContextCallback callback, Object state, Boolean preserveSyncCtx)
   at System.Threading.ExecutionContext.Run(ExecutionContext executionContext, ContextCallback callback, Object state)
   at System.Windows.Forms.Control.InvokeMarshaledCallback(ThreadMethodEntry tme)
   at System.Windows.Forms.Control.InvokeMarshaledCallbacks()
   at System.Windows.Forms.Control.WndProc(Message& m)
   at System.Windows.Forms.ScrollableControl.WndProc(Message& m)
   at System.Windows.Forms.Form.WndProc(Message& m)
   at System.Windows.Forms.Control.ControlNativeWindow.OnMessage(Message& m)
   at System.Windows.Forms.Control.ControlNativeWindow.WndProc(Message& m)
   at System.Windows.Forms.NativeWindow.Callback(IntPtr hWnd, Int32 msg, IntPtr wparam, IntPtr lparam)
   at System.Windows.Forms.UnsafeNativeMethods.DispatchMessageW(MSG& msg)
   at System.Windows.Forms.Application.ComponentManager.System.Windows.Forms.UnsafeNativeMethods.IMsoComponentManager.FPushMessageLoop(IntPtr dwComponentID, Int32 reason, Int32 pvLoopData)
   at System.Windows.Forms.Application.ThreadContext.RunMessageLoopInner(Int32 reason, ApplicationContext context)
   at System.Windows.Forms.Application.ThreadContext.RunMessageLoop(Int32 reason, ApplicationContext context)
   at com.magicsoftware.unipaas.gui.low.GUIMain.messageLoop()
   at com.magicsoftware.unipaas.Manager.MessageLoop()
   at com.magicsoftware.rte.RTEmanager.ExecuteMainThread(String args)
   at com.magicsoftware.rte.RTEmanager.Main(), Program: "aaaaNew".
 <146135028207418400> 15/06/2022 16:51:57.603     [Error  ] - [MgGui.dll] System.NullReferenceException : 
   at com.magicsoftware.unipaas.gui.low.GuiUtilsBase.getSavedBounds(Control control)
   at com.magicsoftware.unipaas.gui.low.GuiUtilsBase.setBounds(Object obj, Int32 x, Int32 y, Int32 width, Int32 height, Boolean isIgnorePlacement)
   at com.magicsoftware.unipaas.gui.low.GuiCommandQueueBase.setBounds(GuiCommand guiCommand)
   at com.magicsoftware.unipaas.gui.low.GuiCommandQueueBase.Run()
Object reference not set to an instance of an object., Program: "aaaaNew".
 <146135028207418400> 15/06/2022 16:51:57.609     [Error  ] - [MgGui.dll] 
   at System.Environment.GetStackTrace(Exception e, Boolean needFileInfo)
   at System.Environment.get_StackTrace()
   at com.magicsoftware.rte.CoreExecutor.WriteExceptionToLog(Int64 contextID, String msg)
   at com.magicsoftware.rte.GuiEventsProcessor.WriteExceptionToLog(String message)
   at com.magicsoftware.unipaas.Events.WriteExceptionToLog(String msg)
   at com.magicsoftware.unipaas.Events.WriteExceptionToLog(Exception ex)
   at com.magicsoftware.unipaas.gui.low.GuiCommandQueueBase.Run()
   at System.RuntimeMethodHandle.InvokeMethod(Object target, Object[] arguments, Signature sig, Boolean constructor)
   at System.Reflection.RuntimeMethodInfo.UnsafeInvokeInternal(Object obj, Object[] parameters, Object[] arguments)
   at System.Delegate.DynamicInvokeImpl(Object[] args)
   at System.Windows.Forms.Control.InvokeMarshaledCallbackDo(ThreadMethodEntry tme)
   at System.Windows.Forms.Control.InvokeMarshaledCallbackHelper(Object obj)
   at System.Threading.ExecutionContext.RunInternal(ExecutionContext executionContext, ContextCallback callback, Object state, Boolean preserveSyncCtx)
   at System.Threading.ExecutionContext.Run(ExecutionContext executionContext, ContextCallback callback, Object state, Boolean preserveSyncCtx)
   at System.Threading.ExecutionContext.Run(ExecutionContext executionContext, ContextCallback callback, Object state)
   at System.Windows.Forms.Control.InvokeMarshaledCallback(ThreadMethodEntry tme)
   at System.Windows.Forms.Control.InvokeMarshaledCallbacks()
   at System.Windows.Forms.Control.WndProc(Message& m)
   at System.Windows.Forms.ScrollableControl.WndProc(Message& m)
   at System.Windows.Forms.Form.WndProc(Message& m)
   at System.Windows.Forms.Control.ControlNativeWindow.OnMessage(Message& m)
   at System.Windows.Forms.Control.ControlNativeWindow.WndProc(Message& m)
   at System.Windows.Forms.NativeWindow.Callback(IntPtr hWnd, Int32 msg, IntPtr wparam, IntPtr lparam)
   at System.Windows.Forms.UnsafeNativeMethods.DispatchMessageW(MSG& msg)
   at System.Windows.Forms.Application.ComponentManager.System.Windows.Forms.UnsafeNativeMethods.IMsoComponentManager.FPushMessageLoop(IntPtr dwComponentID, Int32 reason, Int32 pvLoopData)
   at System.Windows.Forms.Application.ThreadContext.RunMessageLoopInner(Int32 reason, ApplicationContext context)
   at System.Windows.Forms.Application.ThreadContext.RunMessageLoop(Int32 reason, ApplicationContext context)
   at com.magicsoftware.unipaas.gui.low.GUIMain.messageLoop()
   at com.magicsoftware.unipaas.Manager.MessageLoop()
   at com.magicsoftware.rte.RTEmanager.ExecuteMainThread(String args)
   at com.magicsoftware.rte.RTEmanager.Main(), Program: "aaaaNew".
 <146135028207418400> 15/06/2022 16:51:57.613     [Error  ] - [MgGui.dll] System.NullReferenceException : 
   at com.magicsoftware.unipaas.gui.low.GuiUtilsBase.getSavedBounds(Control control)
   at com.magicsoftware.unipaas.gui.low.GuiUtilsBase.setBounds(Object obj, Int32 x, Int32 y, Int32 width, Int32 height, Boolean isIgnorePlacement)
   at com.magicsoftware.unipaas.gui.low.GuiCommandQueueBase.setBounds(GuiCommand guiCommand)
   at com.magicsoftware.unipaas.gui.low.GuiCommandQueueBase.Run()
Object reference not set to an instance of an object., Program: "aaaaNew".
 <146135028207418400> 15/06/2022 16:51:57.616     [Error  ] - [MgGui.dll] 
   at System.Environment.GetStackTrace(Exception e, Boolean needFileInfo)
   at System.Environment.get_StackTrace()
   at com.magicsoftware.rte.CoreExecutor.WriteExceptionToLog(Int64 contextID, String msg)
   at com.magicsoftware.rte.GuiEventsProcessor.WriteExceptionToLog(String message)
   at com.magicsoftware.unipaas.Events.WriteExceptionToLog(String msg)
   at com.magicsoftware.unipaas.Events.WriteExceptionToLog(Exception ex)
   at com.magicsoftware.unipaas.gui.low.GuiCommandQueueBase.Run()
   at System.RuntimeMethodHandle.InvokeMethod(Object target, Object[] arguments, Signature sig, Boolean constructor)
   at System.Reflection.RuntimeMethodInfo.UnsafeInvokeInternal(Object obj, Object[] parameters, Object[] arguments)
   at System.Delegate.DynamicInvokeImpl(Object[] args)
   at System.Windows.Forms.Control.InvokeMarshaledCallbackDo(ThreadMethodEntry tme)
   at System.Windows.Forms.Control.InvokeMarshaledCallbackHelper(Object obj)
   at System.Threading.ExecutionContext.RunInternal(ExecutionContext executionContext, ContextCallback callback, Object state, Boolean preserveSyncCtx)
   at System.Threading.ExecutionContext.Run(ExecutionContext executionContext, ContextCallback callback, Object state, Boolean preserveSyncCtx)
   at System.Threading.ExecutionContext.Run(ExecutionContext executionContext, ContextCallback callback, Object state)
   at System.Windows.Forms.Control.InvokeMarshaledCallback(ThreadMethodEntry tme)
   at System.Windows.Forms.Control.InvokeMarshaledCallbacks()
   at System.Windows.Forms.Control.WndProc(Message& m)
   at System.Windows.Forms.ScrollableControl.WndProc(Message& m)
   at System.Windows.Forms.Form.WndProc(Message& m)
   at System.Windows.Forms.Control.ControlNativeWindow.OnMessage(Message& m)
   at System.Windows.Forms.Control.ControlNativeWindow.WndProc(Message& m)
   at System.Windows.Forms.NativeWindow.Callback(IntPtr hWnd, Int32 msg, IntPtr wparam, IntPtr lparam)
   at System.Windows.Forms.UnsafeNativeMethods.DispatchMessageW(MSG& msg)
   at System.Windows.Forms.Application.ComponentManager.System.Windows.Forms.UnsafeNativeMethods.IMsoComponentManager.FPushMessageLoop(IntPtr dwComponentID, Int32 reason, Int32 pvLoopData)
   at System.Windows.Forms.Application.ThreadContext.RunMessageLoopInner(Int32 reason, ApplicationContext context)
   at System.Windows.Forms.Application.ThreadContext.RunMessageLoop(Int32 reason, ApplicationContext context)
   at com.magicsoftware.unipaas.gui.low.GUIMain.messageLoop()
   at com.magicsoftware.unipaas.Manager.MessageLoop()
   at com.magicsoftware.rte.RTEmanager.ExecuteMainThread(String args)
   at com.magicsoftware.rte.RTEmanager.Main(), Program: "aaaaNew".
 <146135028207418400> 15/06/2022 16:51:57.625     [Error  ] - [MgGui.dll] System.NullReferenceException : 
   at com.magicsoftware.unipaas.gui.low.GuiUtilsBase.getSavedBounds(Control control)
   at com.magicsoftware.unipaas.gui.low.GuiUtilsBase.setBounds(Object obj, Int32 x, Int32 y, Int32 width, Int32 height, Boolean isIgnorePlacement)
   at com.magicsoftware.unipaas.gui.low.GuiCommandQueueBase.setBounds(GuiCommand guiCommand)
   at com.magicsoftware.unipaas.gui.low.GuiCommandQueueBase.Run()
Object reference not set to an instance of an object., Program: "aaaaNew".
 <146135028207418400> 15/06/2022 16:51:57.627     [Error  ] - [MgGui.dll] 
   at System.Environment.GetStackTrace(Exception e, Boolean needFileInfo)
   at System.Environment.get_StackTrace()
   at com.magicsoftware.rte.CoreExecutor.WriteExceptionToLog(Int64 contextID, String msg)
   at com.magicsoftware.rte.GuiEventsProcessor.WriteExceptionToLog(String message)
   at com.magicsoftware.unipaas.Events.WriteExceptionToLog(String msg)
   at com.magicsoftware.unipaas.Events.WriteExceptionToLog(Exception ex)
   at com.magicsoftware.unipaas.gui.low.GuiCommandQueueBase.Run()
   at System.RuntimeMethodHandle.InvokeMethod(Object target, Object[] arguments, Signature sig, Boolean constructor)
   at System.Reflection.RuntimeMethodInfo.UnsafeInvokeInternal(Object obj, Object[] parameters, Object[] arguments)
   at System.Delegate.DynamicInvokeImpl(Object[] args)
   at System.Windows.Forms.Control.InvokeMarshaledCallbackDo(ThreadMethodEntry tme)
   at System.Windows.Forms.Control.InvokeMarshaledCallbackHelper(Object obj)
   at System.Threading.ExecutionContext.RunInternal(ExecutionContext executionContext, ContextCallback callback, Object state, Boolean preserveSyncCtx)
   at System.Threading.ExecutionContext.Run(ExecutionContext executionContext, ContextCallback callback, Object state, Boolean preserveSyncCtx)
   at System.Threading.ExecutionContext.Run(ExecutionContext executionContext, ContextCallback callback, Object state)
   at System.Windows.Forms.Control.InvokeMarshaledCallback(ThreadMethodEntry tme)
   at System.Windows.Forms.Control.InvokeMarshaledCallbacks()
   at System.Windows.Forms.Control.WndProc(Message& m)
   at System.Windows.Forms.ScrollableControl.WndProc(Message& m)
   at System.Windows.Forms.Form.WndProc(Message& m)
   at System.Windows.Forms.Control.ControlNativeWindow.OnMessage(Message& m)
   at System.Windows.Forms.Control.ControlNativeWindow.WndProc(Message& m)
   at System.Windows.Forms.NativeWindow.Callback(IntPtr hWnd, Int32 msg, IntPtr wparam, IntPtr lparam)
   at System.Windows.Forms.UnsafeNativeMethods.DispatchMessageW(MSG& msg)
   at System.Windows.Forms.Application.ComponentManager.System.Windows.Forms.UnsafeNativeMethods.IMsoComponentManager.FPushMessageLoop(IntPtr dwComponentID, Int32 reason, Int32 pvLoopData)
   at System.Windows.Forms.Application.ThreadContext.RunMessageLoopInner(Int32 reason, ApplicationContext context)
   at System.Windows.Forms.Application.ThreadContext.RunMessageLoop(Int32 reason, ApplicationContext context)
   at com.magicsoftware.unipaas.gui.low.GUIMain.messageLoop()
   at com.magicsoftware.unipaas.Manager.MessageLoop()
   at com.magicsoftware.rte.RTEmanager.ExecuteMainThread(String args)
   at com.magicsoftware.rte.RTEmanager.Main(), Program: "aaaaNew".
 <146135028207418400> 15/06/2022 16:51:57.711     [Error  ] - [MgGui.dll] System.NullReferenceException : 
   at com.magicsoftware.unipaas.gui.low.GuiCommandQueueBase.setFocus(GuiCommand guiCommand)
   at com.magicsoftware.unipaas.gui.low.GuiCommandQueueBase.Run()
Object reference not set to an instance of an object., Program: "aaaaNew".
 <146135028207418400> 15/06/2022 16:51:57.717     [Error  ] - [MgGui.dll] 
   at System.Environment.GetStackTrace(Exception e, Boolean needFileInfo)
   at System.Environment.get_StackTrace()
   at com.magicsoftware.rte.CoreExecutor.WriteExceptionToLog(Int64 contextID, String msg)
   at com.magicsoftware.rte.GuiEventsProcessor.WriteExceptionToLog(String message)
   at com.magicsoftware.unipaas.Events.WriteExceptionToLog(String msg)
   at com.magicsoftware.unipaas.Events.WriteExceptionToLog(Exception ex)
   at com.magicsoftware.unipaas.gui.low.GuiCommandQueueBase.Run()
   at System.RuntimeMethodHandle.InvokeMethod(Object target, Object[] arguments, Signature sig, Boolean constructor)
   at System.Reflection.RuntimeMethodInfo.UnsafeInvokeInternal(Object obj, Object[] parameters, Object[] arguments)
   at System.Delegate.DynamicInvokeImpl(Object[] args)
   at System.Windows.Forms.Control.InvokeMarshaledCallbackDo(ThreadMethodEntry tme)
   at System.Windows.Forms.Control.InvokeMarshaledCallbackHelper(Object obj)
   at System.Threading.ExecutionContext.RunInternal(ExecutionContext executionContext, ContextCallback callback, Object state, Boolean preserveSyncCtx)
   at System.Threading.ExecutionContext.Run(ExecutionContext executionContext, ContextCallback callback, Object state, Boolean preserveSyncCtx)
   at System.Threading.ExecutionContext.Run(ExecutionContext executionContext, ContextCallback callback, Object state)
   at System.Windows.Forms.Control.InvokeMarshaledCallback(ThreadMethodEntry tme)
   at System.Windows.Forms.Control.InvokeMarshaledCallbacks()
   at System.Windows.Forms.Control.WndProc(Message& m)
   at System.Windows.Forms.ScrollableControl.WndProc(Message& m)
   at System.Windows.Forms.Form.WndProc(Message& m)
   at System.Windows.Forms.Control.ControlNativeWindow.OnMessage(Message& m)
   at System.Windows.Forms.Control.ControlNativeWindow.WndProc(Message& m)
   at System.Windows.Forms.NativeWindow.Callback(IntPtr hWnd, Int32 msg, IntPtr wparam, IntPtr lparam)
   at System.Windows.Forms.UnsafeNativeMethods.DispatchMessageW(MSG& msg)
   at System.Windows.Forms.Application.ComponentManager.System.Windows.Forms.UnsafeNativeMethods.IMsoComponentManager.FPushMessageLoop(IntPtr dwComponentID, Int32 reason, Int32 pvLoopData)
   at System.Windows.Forms.Application.ThreadContext.RunMessageLoopInner(Int32 reason, ApplicationContext context)
   at System.Windows.Forms.Application.ThreadContext.RunMessageLoop(Int32 reason, ApplicationContext context)
   at com.magicsoftware.unipaas.gui.low.GUIMain.messageLoop()
   at com.magicsoftware.unipaas.Manager.MessageLoop()
   at com.magicsoftware.rte.RTEmanager.ExecuteMainThread(String args)
   at com.magicsoftware.rte.RTEmanager.Main(), Program: "aaaaNew".
 <-1> 15/06/2022 17:48:02.326     [Error  ] - Failed to Load Assembly : "C:\Users\chouguleR\Downloads\WindowsFormsControlLibrary1\WindowsFormsControlLibrary1\WindowsFormsControlLibrary1\bin\Debug\Interop.WMPLib.dll"
"Could not load file or assembly 'Interop.WMPLib.dll' or one of its dependencies. The system cannot find the path specified."
 <-1> 15/06/2022 17:48:02.378     [Error  ] - Failed to Load Assembly : "C:\Users\chouguleR\Downloads\WindowsFormsControlLibrary1\WindowsFormsControlLibrary1\WindowsFormsControlLibrary1\obj\Debug\AxInterop.WMPLib.dll"
"Could not load file or assembly 'AxInterop.WMPLib.dll' or one of its dependencies. The system cannot find the path specified."
 <-1> 15/06/2022 17:48:02.431     [Error  ] - Failed to Load Assembly : "C:\Users\chouguleR\Downloads\WindowsFormsControlLibrary1\WindowsFormsControlLibrary1\WindowsFormsControlLibrary1\bin\Debug\WindowsFormsControlLibrary1.dll"
"Could not load file or assembly 'WindowsFormsControlLibrary1.dll' or one of its dependencies. The system cannot find the path specified."
 <-1> 15/06/2022 17:48:32.730     [Error  ] - Failed to Load Assembly : "C:\Users\chouguleR\Downloads\WindowsFormsControlLibrary1\WindowsFormsControlLibrary1\WindowsFormsControlLibrary1\bin\Debug\Interop.WMPLib.dll"
"Could not load file or assembly 'Interop.WMPLib.dll' or one of its dependencies. The system cannot find the path specified."
 <-1> 15/06/2022 17:48:32.784     [Error  ] - Failed to Load Assembly : "C:\Users\chouguleR\Downloads\WindowsFormsControlLibrary1\WindowsFormsControlLibrary1\WindowsFormsControlLibrary1\obj\Debug\AxInterop.WMPLib.dll"
"Could not load file or assembly 'AxInterop.WMPLib.dll' or one of its dependencies. The system cannot find the path specified."
 <-1> 15/06/2022 17:48:32.850     [Error  ] - Failed to Load Assembly : "C:\Users\chouguleR\Downloads\WindowsFormsControlLibrary1\WindowsFormsControlLibrary1\WindowsFormsControlLibrary1\bin\Debug\WindowsFormsControlLibrary1.dll"
"Could not load file or assembly 'WindowsFormsControlLibrary1.dll' or one of its dependencies. The system cannot find the path specified."
 <-1> 15/06/2022 17:48:41.017     [Error  ] - Failed to Load Assembly : "C:\Users\chouguleR\Downloads\WindowsFormsControlLibrary1\WindowsFormsControlLibrary1\WindowsFormsControlLibrary1\bin\Debug\Interop.WMPLib.dll"
"Could not load file or assembly 'Interop.WMPLib.dll' or one of its dependencies. The system cannot find the path specified."
 <-1> 15/06/2022 17:48:41.069     [Error  ] - Failed to Load Assembly : "C:\Users\chouguleR\Downloads\WindowsFormsControlLibrary1\WindowsFormsControlLibrary1\WindowsFormsControlLibrary1\obj\Debug\AxInterop.WMPLib.dll"
"Could not load file or assembly 'AxInterop.WMPLib.dll' or one of its dependencies. The system cannot find the path specified."
 <-1> 15/06/2022 17:48:41.122     [Error  ] - Failed to Load Assembly : "C:\Users\chouguleR\Downloads\WindowsFormsControlLibrary1\WindowsFormsControlLibrary1\WindowsFormsControlLibrary1\bin\Debug\WindowsFormsControlLibrary1.dll"
"Could not load file or assembly 'WindowsFormsControlLibrary1.dll' or one of its dependencies. The system cannot find the path specified."
 <-1> 15/06/2022 17:48:42.036     [Error  ] - Failed to Load Assembly : "C:\Users\chouguleR\Downloads\WindowsFormsControlLibrary1\WindowsFormsControlLibrary1\WindowsFormsControlLibrary1\bin\Debug\Interop.WMPLib.dll"
"Could not load file or assembly 'Interop.WMPLib.dll' or one of its dependencies. The system cannot find the path specified."
 <-1> 15/06/2022 17:48:42.089     [Error  ] - Failed to Load Assembly : "C:\Users\chouguleR\Downloads\WindowsFormsControlLibrary1\WindowsFormsControlLibrary1\WindowsFormsControlLibrary1\obj\Debug\AxInterop.WMPLib.dll"
"Could not load file or assembly 'AxInterop.WMPLib.dll' or one of its dependencies. The system cannot find the path specified."
 <-1> 15/06/2022 17:48:42.143     [Error  ] - Failed to Load Assembly : "C:\Users\chouguleR\Downloads\WindowsFormsControlLibrary1\WindowsFormsControlLibrary1\WindowsFormsControlLibrary1\bin\Debug\WindowsFormsControlLibrary1.dll"
"Could not load file or assembly 'WindowsFormsControlLibrary1.dll' or one of its dependencies. The system cannot find the path specified."
 <-1> 15/06/2022 17:48:43.040     [Error  ] - Failed to Load Assembly : "C:\Users\chouguleR\Downloads\WindowsFormsControlLibrary1\WindowsFormsControlLibrary1\WindowsFormsControlLibrary1\obj\Debug\AxInterop.WMPLib.dll"
"Could not load file or assembly 'AxInterop.WMPLib.dll' or one of its dependencies. The system cannot find the path specified."
 <-1> 15/06/2022 17:48:43.093     [Error  ] - Failed to Load Assembly : "C:\Users\chouguleR\Downloads\WindowsFormsControlLibrary1\WindowsFormsControlLibrary1\WindowsFormsControlLibrary1\bin\Debug\WindowsFormsControlLibrary1.dll"
"Could not load file or assembly 'WindowsFormsControlLibrary1.dll' or one of its dependencies. The system cannot find the path specified."
 <-1> 15/06/2022 19:28:47.610     [Error  ] - Sax parser fatal error :unable to open primary document entity 'd:/xpaproject/playvideo/' at line number : 0 column number : 0 . 
 <-1> 15/06/2022 19:28:47.797     [Error  ] - Sax parser fatal error :unable to open primary document entity 'd:/xpaproject/playvideo/' at line number : 0 column number : 0 . 
 <-1> 15/06/2022 19:28:59.232     [Error  ] - Cabinet File Name cannot be empty.
 <-1> 15/06/2022 19:29:02.292     [Error  ] - Cabinet File Name cannot be empty.
 <-1> 15/06/2022 19:29:02.355     [Error  ] - Cabinet File Name cannot be empty.
 <-1> 15/06/2022 19:29:03.591     [Error  ] - Failed to Load Assembly : "C:\Users\chouguleR\Downloads\WindowsFormsControlLibrary1\WindowsFormsControlLibrary1\WindowsFormsControlLibrary1\bin\Debug\Interop.WMPLib.dll"
"Could not load file or assembly 'Interop.WMPLib.dll' or one of its dependencies. The system cannot find the path specified."
 <-1> 15/06/2022 19:29:03.648     [Error  ] - Failed to Load Assembly : "C:\Users\chouguleR\Downloads\WindowsFormsControlLibrary1\WindowsFormsControlLibrary1\WindowsFormsControlLibrary1\obj\Debug\AxInterop.WMPLib.dll"
"Could not load file or assembly 'AxInterop.WMPLib.dll' or one of its dependencies. The system cannot find the path specified."
 <-1> 15/06/2022 19:29:03.701     [Error  ] - Failed to Load Assembly : "C:\Users\chouguleR\Downloads\WindowsFormsControlLibrary1\WindowsFormsControlLibrary1\WindowsFormsControlLibrary1\bin\Debug\WindowsFormsControlLibrary1.dll"
"Could not load file or assembly 'WindowsFormsControlLibrary1.dll' or one of its dependencies. The system cannot find the path specified."
 <-1> 15/06/2022 19:29:13.871     [Error  ] - Failed to Load Assembly : "C:\Users\chouguleR\Downloads\WindowsFormsControlLibrary1\WindowsFormsControlLibrary1\WindowsFormsControlLibrary1\bin\Debug\Interop.WMPLib.dll"
"Could not load file or assembly 'Interop.WMPLib.dll' or one of its dependencies. The system cannot find the path specified."
 <-1> 15/06/2022 19:29:13.924     [Error  ] - Failed to Load Assembly : "C:\Users\chouguleR\Downloads\WindowsFormsControlLibrary1\WindowsFormsControlLibrary1\WindowsFormsControlLibrary1\obj\Debug\AxInterop.WMPLib.dll"
"Could not load file or assembly 'AxInterop.WMPLib.dll' or one of its dependencies. The system cannot find the path specified."
 <-1> 15/06/2022 19:29:13.979     [Error  ] - Failed to Load Assembly : "C:\Users\chouguleR\Downloads\WindowsFormsControlLibrary1\WindowsFormsControlLibrary1\WindowsFormsControlLibrary1\bin\Debug\WindowsFormsControlLibrary1.dll"
"Could not load file or assembly 'WindowsFormsControlLibrary1.dll' or one of its dependencies. The system cannot find the path specified."
 <-1> 15/06/2022 19:29:14.877     [Error  ] - Failed to Load Assembly : "C:\Users\chouguleR\Downloads\WindowsFormsControlLibrary1\WindowsFormsControlLibrary1\WindowsFormsControlLibrary1\bin\Debug\Interop.WMPLib.dll"
"Could not load file or assembly 'Interop.WMPLib.dll' or one of its dependencies. The system cannot find the path specified."
 <-1> 15/06/2022 19:29:14.936     [Error  ] - Failed to Load Assembly : "C:\Users\chouguleR\Downloads\WindowsFormsControlLibrary1\WindowsFormsControlLibrary1\WindowsFormsControlLibrary1\obj\Debug\AxInterop.WMPLib.dll"
"Could not load file or assembly 'AxInterop.WMPLib.dll' or one of its dependencies. The system cannot find the path specified."
 <-1> 15/06/2022 19:29:14.991     [Error  ] - Failed to Load Assembly : "C:\Users\chouguleR\Downloads\WindowsFormsControlLibrary1\WindowsFormsControlLibrary1\WindowsFormsControlLibrary1\bin\Debug\WindowsFormsControlLibrary1.dll"
"Could not load file or assembly 'WindowsFormsControlLibrary1.dll' or one of its dependencies. The system cannot find the path specified."
 <-1> 15/06/2022 19:29:15.887     [Error  ] - Failed to Load Assembly : "C:\Users\chouguleR\Downloads\WindowsFormsControlLibrary1\WindowsFormsControlLibrary1\WindowsFormsControlLibrary1\obj\Debug\AxInterop.WMPLib.dll"
"Could not load file or assembly 'AxInterop.WMPLib.dll' or one of its dependencies. The system cannot find the path specified."
 <-1> 15/06/2022 19:29:15.955     [Error  ] - Failed to Load Assembly : "C:\Users\chouguleR\Downloads\WindowsFormsControlLibrary1\WindowsFormsControlLibrary1\WindowsFormsControlLibrary1\bin\Debug\WindowsFormsControlLibrary1.dll"
"Could not load file or assembly 'WindowsFormsControlLibrary1.dll' or one of its dependencies. The system cannot find the path specified."
 <-1> 15/06/2022 19:29:16.926     [Error  ] - Failed to Load Assembly : "C:\Users\chouguleR\Downloads\WindowsFormsControlLibrary1\WindowsFormsControlLibrary1\WindowsFormsControlLibrary1\bin\Debug\WindowsFormsControlLibrary1.dll"
"Could not load file or assembly 'WindowsFormsControlLibrary1.dll' or one of its dependencies. The system cannot find the path specified."
 <-1> 15/06/2022 19:29:21.409     [Error  ] - Cabinet File Name cannot be empty.
 <-1> 15/06/2022 19:29:21.471     [Error  ] - Cabinet File Name cannot be empty.
 <-1> 16/06/2022 10:14:25.194     [Error  ] - Cabinet File Name cannot be empty.
 <-1> 16/06/2022 10:14:25.260     [Error  ] - Cabinet File Name cannot be empty.
 <-1> 16/06/2022 15:30:59.458     [Error  ] - Cabinet File Name cannot be empty.
 <-1> 16/06/2022 15:30:59.511     [Error  ] - Cabinet File Name cannot be empty.
